<?xml version="1.0" encoding="UTF-8"?>
<!-- Generated by org.testng.reporters.JUnitXMLReporter -->
<testsuite hostname="LAPTOP-IPDPN9BM" ignored="0" name="Test" tests="6" failures="1" timestamp="29 Oct 2021 03:40:29 GMT" time="0.112" errors="0">
  <testcase name="testcaseone" time="0.015" classname="exampleone.PracticeOne"/>
  <testcase name="testcasethree" time="0.005" classname="exampleone.PracticeOne"/>
  <testcase name="testcasetwo" time="0.0" classname="exampleone.PracticeOne"/>
  <testcase name="testcasefive" time="0.005" classname="exampleone.PracticeTwo">
    <failure type="java.lang.AssertionError" message="expected [true] but found [false]">
      <![CDATA[java.lang.AssertionError: expected [true] but found [false]
at exampleone.PracticeTwo.testcasefive(PracticeTwo.java:18)
... Removed 29 stack frames]]>
    </failure>
  </testcase> <!-- testcasefive -->
  <testcase name="testcasefour" time="0.005" classname="exampleone.PracticeTwo"/>
  <testcase name="testcasesix" time="0.0" classname="exampleone.PracticeTwo">
    <skipped/>
  </testcase> <!-- testcasesix -->
</testsuite> <!-- Test -->
